<?xml version="1.0" encoding="UTF-8"?>
<testng-results skipped="0" failed="0" ignored="0" total="1" passed="1">
  <reporter-output>
  </reporter-output>
  <suite name="Suite" duration-ms="44369" started-at="2018-12-30T13:17:56Z" finished-at="2018-12-30T13:18:40Z">
    <groups>
    </groups>
    <test name="Test" duration-ms="44369" started-at="2018-12-30T13:17:56Z" finished-at="2018-12-30T13:18:40Z">
      <class name="testcases.FlipkartClasswork">
        <test-method status="PASS" signature="beforeSuite()[pri:0, instance:testcases.FlipkartClasswork@dc24521]" name="beforeSuite" is-config="true" duration-ms="2788" started-at="2018-12-30T18:47:53Z" finished-at="2018-12-30T18:47:56Z">
          <reporter-output>
          </reporter-output>
        </test-method> <!-- beforeSuite -->
        <test-method status="PASS" signature="setData()[pri:0, instance:testcases.FlipkartClasswork@dc24521]" name="setData" is-config="true" duration-ms="4" started-at="2018-12-30T18:47:56Z" finished-at="2018-12-30T18:47:56Z">
          <reporter-output>
          </reporter-output>
        </test-method> <!-- setData -->
        <test-method status="PASS" signature="beforeClass()[pri:0, instance:testcases.FlipkartClasswork@dc24521]" name="beforeClass" is-config="true" duration-ms="4" started-at="2018-12-30T18:47:56Z" finished-at="2018-12-30T18:47:56Z">
          <reporter-output>
          </reporter-output>
        </test-method> <!-- beforeClass -->
        <test-method status="PASS" signature="beforeMethod()[pri:0, instance:testcases.FlipkartClasswork@dc24521]" name="beforeMethod" is-config="true" duration-ms="33972" started-at="2018-12-30T18:47:56Z" finished-at="2018-12-30T18:48:30Z">
          <reporter-output>
          </reporter-output>
        </test-method> <!-- beforeMethod -->
        <test-method status="PASS" signature="flipkartwrk()[pri:0, instance:testcases.FlipkartClasswork@dc24521]" name="flipkartwrk" duration-ms="10336" started-at="2018-12-30T18:48:30Z" finished-at="2018-12-30T18:48:40Z">
          <reporter-output>
          </reporter-output>
        </test-method> <!-- flipkartwrk -->
        <test-method status="PASS" signature="afterTest()[pri:0, instance:testcases.FlipkartClasswork@dc24521]" name="afterTest" is-config="true" duration-ms="1" started-at="2018-12-30T18:48:40Z" finished-at="2018-12-30T18:48:40Z">
          <reporter-output>
          </reporter-output>
        </test-method> <!-- afterTest -->
        <test-method status="PASS" signature="afterSuite()[pri:0, instance:testcases.FlipkartClasswork@dc24521]" name="afterSuite" is-config="true" duration-ms="1969" started-at="2018-12-30T18:48:41Z" finished-at="2018-12-30T18:48:43Z">
          <reporter-output>
          </reporter-output>
        </test-method> <!-- afterSuite -->
      </class> <!-- testcases.FlipkartClasswork -->
    </test> <!-- Test -->
  </suite> <!-- Suite -->
</testng-results>
