<?xml version="1.0" encoding="UTF-8"?>
<testng-results skipped="0" failed="0" ignored="0" total="2" passed="2">
  <reporter-output>
  </reporter-output>
  <suite name="Suite" duration-ms="53394" started-at="2018-12-29T09:56:32Z" finished-at="2018-12-29T09:57:25Z">
    <groups>
    </groups>
    <test name="Test" duration-ms="53394" started-at="2018-12-29T09:56:32Z" finished-at="2018-12-29T09:57:25Z">
      <class name="testcases.TC001_LoginAndLogout">
        <test-method status="PASS" signature="beforeSuite()[pri:0, instance:testcases.TC001_LoginAndLogout@71423665]" name="beforeSuite" is-config="true" duration-ms="2362" started-at="2018-12-29T15:26:29Z" finished-at="2018-12-29T15:26:32Z">
          <reporter-output>
          </reporter-output>
        </test-method> <!-- beforeSuite -->
        <test-method status="PASS" signature="setData()[pri:0, instance:testcases.TC001_LoginAndLogout@71423665]" name="setData" is-config="true" duration-ms="0" started-at="2018-12-29T15:26:32Z" finished-at="2018-12-29T15:26:32Z">
          <reporter-output>
          </reporter-output>
        </test-method> <!-- setData -->
        <test-method status="PASS" signature="beforeClass()[pri:0, instance:testcases.TC001_LoginAndLogout@71423665]" name="beforeClass" is-config="true" duration-ms="0" started-at="2018-12-29T15:26:32Z" finished-at="2018-12-29T15:26:32Z">
          <reporter-output>
          </reporter-output>
        </test-method> <!-- beforeClass -->
        <test-method status="PASS" signature="beforeMethod()[pri:0, instance:testcases.TC001_LoginAndLogout@71423665]" name="beforeMethod" is-config="true" duration-ms="11005" started-at="2018-12-29T15:26:33Z" finished-at="2018-12-29T15:26:44Z">
          <reporter-output>
          </reporter-output>
        </test-method> <!-- beforeMethod -->
        <test-method status="PASS" signature="login(java.lang.String, java.lang.String)[pri:0, instance:testcases.TC001_LoginAndLogout@71423665]" name="login" duration-ms="16827" started-at="2018-12-29T15:26:44Z" data-provider="fetchData" finished-at="2018-12-29T15:27:01Z">
          <params>
            <param index="0">
              <value>
                <![CDATA[DemoSalesManager]]>
              </value>
            </param>
            <param index="1">
              <value>
                <![CDATA[crmsfa]]>
              </value>
            </param>
          </params>
          <reporter-output>
          </reporter-output>
        </test-method> <!-- login -->
        <test-method status="PASS" signature="beforeMethod()[pri:0, instance:testcases.TC001_LoginAndLogout@71423665]" name="beforeMethod" is-config="true" duration-ms="10428" started-at="2018-12-29T15:27:01Z" finished-at="2018-12-29T15:27:12Z">
          <reporter-output>
          </reporter-output>
        </test-method> <!-- beforeMethod -->
        <test-method status="PASS" signature="login(java.lang.String, java.lang.String)[pri:0, instance:testcases.TC001_LoginAndLogout@71423665]" name="login" duration-ms="13536" started-at="2018-12-29T15:27:12Z" data-provider="fetchData" finished-at="2018-12-29T15:27:25Z">
          <params>
            <param index="0">
              <value>
                <![CDATA[DemoCSR]]>
              </value>
            </param>
            <param index="1">
              <value>
                <![CDATA[crmsfa]]>
              </value>
            </param>
          </params>
          <reporter-output>
          </reporter-output>
        </test-method> <!-- login -->
        <test-method status="PASS" signature="afterTest()[pri:0, instance:testcases.TC001_LoginAndLogout@71423665]" name="afterTest" is-config="true" duration-ms="0" started-at="2018-12-29T15:27:25Z" finished-at="2018-12-29T15:27:25Z">
          <reporter-output>
          </reporter-output>
        </test-method> <!-- afterTest -->
        <test-method status="PASS" signature="afterSuite()[pri:0, instance:testcases.TC001_LoginAndLogout@71423665]" name="afterSuite" is-config="true" duration-ms="796" started-at="2018-12-29T15:27:25Z" finished-at="2018-12-29T15:27:26Z">
          <reporter-output>
          </reporter-output>
        </test-method> <!-- afterSuite -->
      </class> <!-- testcases.TC001_LoginAndLogout -->
    </test> <!-- Test -->
  </suite> <!-- Suite -->
</testng-results>
